03:20:10: Creating resource group General
03:20:10: Creating resource group Internal
03:20:10: Creating resource group Autodetect
03:20:10: SceneManagerFactory for type 'DefaultSceneManager' registered.
03:20:10: Registering ResourceManager for type Material
03:20:10: Registering ResourceManager for type Mesh
03:20:10: Registering ResourceManager for type Skeleton
03:20:10: MovableObjectFactory for type 'ParticleSystem' registered.
03:20:10: ArchiveFactory for archive type FileSystem registered.
03:20:10: ArchiveFactory for archive type Zip registered.
03:20:10: ArchiveFactory for archive type EmbeddedZip registered.
03:20:10: DDS codec registering
03:20:10: FreeImage version: 3.18.0
03:20:10: This program uses FreeImage, a free, open source image library supporting all common bitmap formats. See http://freeimage.sourceforge.net for details
03:20:10: Supported formats: bmp,ico,jpg,jif,jpeg,jpe,jng,koa,iff,lbm,mng,pbm,pbm,pcd,pcx,pgm,pgm,png,ppm,ppm,ras,tga,targa,tif,tiff,wap,wbmp,wbm,psd,psb,cut,xbm,xpm,gif,hdr,g3,sgi,rgb,rgba,bw,exr,j2k,j2c,jp2,pfm,pct,pict,pic,3fr,arw,bay,bmq,cap,cine,cr2,crw,cs1,dc2,dcr,drf,dsc,dng,erf,fff,ia,iiq,k25,kc2,kdc,mdc,mef,mos,mrw,nef,nrw,orf,pef,ptx,pxn,qtk,raf,raw,rdc,rw2,rwl,rwz,sr2,srf,srw,sti,x3f,webp,jxr,wdp,hdp
03:20:10: ETC codec registering
03:20:10: Registering ResourceManager for type HighLevelGpuProgram
03:20:10: Registering ResourceManager for type Compositor
03:20:10: MovableObjectFactory for type 'Entity' registered.
03:20:10: MovableObjectFactory for type 'Light' registered.
03:20:10: MovableObjectFactory for type 'BillboardSet' registered.
03:20:10: MovableObjectFactory for type 'ManualObject' registered.
03:20:10: MovableObjectFactory for type 'BillboardChain' registered.
03:20:10: MovableObjectFactory for type 'RibbonTrail' registered.
03:20:10: Loading library .\RenderSystem_GL
03:20:10: Installing plugin: GL RenderSystem
03:20:10: OpenGL Rendering Subsystem created.
03:20:10: Plugin successfully installed
03:20:10: Loading library .\Plugin_OctreeSceneManager
03:20:10: Installing plugin: Octree Scene Manager
03:20:10: Plugin successfully installed
03:20:10: *-*-* OGRE Initialising
03:20:10: *-*-* Version 1.9.0 (Ghadamon)
03:20:10: CPU Identifier & Features
03:20:10: -------------------------
03:20:10:  *   CPU ID: GenuineIntel: Intel(R) Core(TM) i5-6300HQ CPU @ 2.30GHz
03:20:10:  *      SSE: yes
03:20:10:  *     SSE2: yes
03:20:10:  *     SSE3: yes
03:20:10:  *      MMX: yes
03:20:10:  *   MMXEXT: yes
03:20:10:  *    3DNOW: no
03:20:10:  * 3DNOWEXT: no
03:20:10:  *     CMOV: yes
03:20:10:  *      TSC: yes
03:20:10:  *      FPU: yes
03:20:10:  *      PRO: yes
03:20:10:  *       HT: no
03:20:10: -------------------------
03:20:10: *** Starting Win32GL Subsystem ***
03:20:10: Registering ResourceManager for type Texture
03:20:10: GLRenderSystem::_createRenderWindow "Game Framework : Copyleft by Dae-Hyun Lee", 1024x768 windowed  miscParams: FSAA=0 FSAAHint= colourDepth=32 displayFrequency=0 gamma=false vsync=false vsyncInterval=1 
03:20:10: Created Win32Window 'Game Framework : Copyleft by Dae-Hyun Lee' : 1040x807, 32bpp
03:20:10: GL_VERSION = 4.4.0 - Build 20.19.15.4364
03:20:10: GL_VENDOR = Intel
03:20:10: GL_RENDERER = Intel(R) HD Graphics 530
03:20:11: GL_EXTENSIONS = GL_EXT_blend_minmax GL_EXT_blend_subtract GL_EXT_blend_color GL_EXT_abgr GL_EXT_texture3D GL_EXT_clip_volume_hint GL_EXT_compiled_vertex_array GL_SGIS_texture_edge_clamp GL_SGIS_generate_mipmap GL_EXT_draw_range_elements GL_SGIS_texture_lod GL_EXT_rescale_normal GL_EXT_packed_pixels GL_EXT_texture_edge_clamp GL_EXT_separate_specular_color GL_ARB_multitexture GL_ARB_map_buffer_alignment GL_ARB_conservative_depth GL_EXT_texture_env_combine GL_EXT_bgra GL_EXT_blend_func_separate GL_EXT_secondary_color GL_EXT_fog_coord GL_EXT_texture_env_add GL_ARB_texture_cube_map GL_ARB_transpose_matrix GL_ARB_internalformat_query GL_ARB_internalformat_query2 GL_ARB_texture_env_add GL_IBM_texture_mirrored_repeat GL_ARB_texture_mirrored_repeat GL_EXT_multi_draw_arrays GL_SUN_multi_draw_arrays GL_NV_blend_square GL_ARB_texture_compression GL_3DFX_texture_compression_FXT1 GL_EXT_texture_filter_anisotropic GL_ARB_texture_border_clamp GL_ARB_point_parameters GL_ARB_texture_env_combine GL_ARB_texture_env_dot3 GL_ARB_texture_env_crossbar GL_EXT_texture_compression_s3tc GL_ARB_shadow GL_ARB_window_pos GL_EXT_shadow_funcs GL_EXT_stencil_wrap GL_ARB_vertex_program GL_EXT_texture_rectangle GL_ARB_fragment_program GL_EXT_stencil_two_side GL_ATI_separate_stencil GL_ARB_vertex_buffer_object GL_EXT_texture_lod_bias GL_ARB_occlusion_query GL_ARB_fragment_shader GL_ARB_shader_objects GL_ARB_shading_language_100 GL_ARB_texture_non_power_of_two GL_ARB_vertex_shader GL_NV_texgen_reflection GL_ARB_point_sprite GL_ARB_fragment_program_shadow GL_EXT_blend_equation_separate GL_ARB_depth_texture GL_ARB_texture_rectangle GL_ARB_draw_buffers GL_ARB_color_buffer_float GL_ARB_half_float_pixel GL_ARB_texture_float GL_ARB_pixel_buffer_object GL_EXT_framebuffer_object GL_ARB_draw_instanced GL_ARB_half_float_vertex GL_ARB_occlusion_query2 GL_EXT_draw_buffers2 GL_WIN_swap_hint GL_EXT_texture_sRGB GL_ARB_multisample GL_EXT_packed_float GL_EXT_texture_shared_exponent GL_ARB_texture_rg GL_ARB_texture_compression_rgtc GL_NV_conditional_render GL_ARB_texture_swizzle GL_EXT_texture_swizzle GL_ARB_texture_gather GL_ARB_sync GL_ARB_cl_event GL_ARB_framebuffer_sRGB GL_EXT_packed_depth_stencil GL_ARB_depth_buffer_float GL_EXT_transform_feedback GL_ARB_transform_feedback2 GL_ARB_draw_indirect GL_EXT_framebuffer_blit GL_EXT_framebuffer_multisample GL_ARB_framebuffer_object GL_ARB_framebuffer_no_attachments GL_EXT_texture_array GL_EXT_texture_integer GL_ARB_map_buffer_range GL_ARB_texture_buffer_range GL_EXT_texture_snorm GL_ARB_blend_func_extended GL_INTEL_performance_query GL_ARB_copy_buffer GL_ARB_sampler_objects GL_NV_primitive_restart GL_ARB_seamless_cube_map GL_ARB_seamless_cubemap_per_texture GL_ARB_uniform_buffer_object GL_ARB_depth_clamp GL_ARB_vertex_array_bgra GL_ARB_shader_bit_encoding GL_ARB_draw_buffers_blend GL_ARB_geometry_shader4 GL_EXT_geometry_shader4 GL_ARB_texture_query_lod GL_ARB_explicit_attrib_location GL_ARB_draw_elements_base_vertex GL_EXT_shader_integer_mix GL_ARB_instanced_arrays GL_ARB_base_instance GL_ARB_fragment_coord_conventions GL_EXT_gpu_program_parameters GL_ARB_texture_buffer_object_rgb32 GL_ARB_compatibility GL_ARB_texture_rgb10_a2ui GL_ARB_texture_multisample GL_ARB_vertex_type_2_10_10_10_rev GL_ARB_vertex_type_10f_11f_11f_rev GL_ARB_timer_query GL_ARB_tessellation_shader GL_ARB_vertex_array_object GL_ARB_provoking_vertex GL_ARB_sample_shading GL_ARB_texture_cube_map_array GL_EXT_gpu_shader4 GL_ARB_gpu_shader5 GL_ARB_gpu_shader_fp64 GL_INTEL_fragment_shader_ordering GL_ARB_fragment_shader_interlock GL_ARB_clip_control GL_EXT_shader_framebuffer_fetch GL_ARB_shader_subroutine GL_ARB_transform_feedback3 GL_ARB_get_program_binary GL_ARB_separate_shader_objects GL_ARB_shader_precision GL_ARB_vertex_attrib_64bit GL_ARB_viewport_array GL_ARB_transform_feedback_instanced GL_ARB_compressed_texture_pixel_storage GL_ARB_shader_atomic_counters GL_ARB_shading_language_packing GL_ARB_shader_image_load_store GL_ARB_shading_language_420pack GL_ARB_texture_storage GL_EXT_texture_storage GL_ARB_compute_shader GL_ARB_vertex_attrib_binding GL_ARB_texture_view GL_ARB_fragment_layer_viewport GL_ARB_multi_draw_indirect GL_ARB_program_interface_query GL_ARB_shader_image_size GL_ARB_shader_storage_buffer_object GL_ARB_texture_storage_multisample GL_ARB_buffer_storage GL_AMD_vertex_shader_layer GL_AMD_vertex_shader_viewport_index GL_ARB_query_buffer_object GL_EXT_polygon_offset_clamp GL_ARB_clear_texture GL_ARB_texture_mirror_clamp_to_edge GL_ARB_debug_output GL_ARB_enhanced_layouts GL_KHR_debug GL_ARB_arrays_of_arrays GL_ARB_texture_query_levels GL_ARB_invalidate_subdata GL_ARB_clear_buffer_object GL_AMD_depth_clamp_separate GL_ARB_shader_stencil_export GL_INTEL_map_texture GL_INTEL_conservative_rasterization GL_ARB_texture_compression_bptc GL_ARB_ES2_compatibility GL_ARB_ES3_compatibility GL_ARB_robustness GL_ARB_robust_buffer_access_behavior GL_EXT_texture_sRGB_decode GL_KHR_texture_compression_astc_ldr GL_KHR_texture_compression_astc_hdr GL_ARB_copy_image GL_KHR_blend_equation_advanced GL_EXT_direct_state_access GL_ARB_stencil_texturing GL_ARB_texture_stencil8 GL_ARB_explicit_uniform_location GL_INTEL_multi_rate_fragment_shader GL_ARB_multi_bind GL_ARB_indirect_parameters 
03:20:11: Supported WGL extensions: WGL_EXT_depth_float WGL_ARB_buffer_region WGL_ARB_extensions_string WGL_ARB_make_current_read WGL_ARB_pixel_format WGL_ARB_pbuffer WGL_EXT_extensions_string WGL_EXT_swap_control WGL_EXT_swap_control_tear WGL_ARB_multisample WGL_ARB_pixel_format_float WGL_ARB_framebuffer_sRGB WGL_ARB_create_context WGL_ARB_create_context_profile WGL_EXT_pixel_format_packed_float WGL_EXT_create_context_es_profile WGL_EXT_create_context_es2_profile WGL_NV_DX_interop WGL_ARB_create_context_robustness 
03:20:11: ***************************
03:20:11: *** GL Renderer Started ***
03:20:11: ***************************
03:20:11: Registering ResourceManager for type GpuProgram
03:20:11: GLSL support detected
03:20:11: GL: Using GL_EXT_framebuffer_object for rendering to textures (best)
03:20:11: FBO PF_UNKNOWN depth/stencil support: D0S1 D0S4 D0S8 D0S16 D16S0 D16S1 D16S4 D16S8 D16S16 D24S0 D24S1 D24S4 D24S8 D24S16 D32S0 D32S1 D32S4 D32S8 D32S16 Packed-D24S8 
03:20:11: FBO PF_A8 depth/stencil support: D0S0 D0S1 D0S4 D0S8 D0S16 D16S0 D16S1 D16S4 D16S8 D16S16 D24S0 D24S1 D24S4 D24S8 D24S16 D32S0 D32S1 D32S4 D32S8 D32S16 Packed-D24S8 
03:20:11: FBO PF_R5G6B5 depth/stencil support: D0S0 D0S1 D0S4 D0S8 D0S16 D16S0 D16S1 D16S4 D16S8 D16S16 D24S0 D24S1 D24S4 D24S8 D24S16 D32S0 D32S1 D32S4 D32S8 D32S16 Packed-D24S8 
03:20:11: FBO PF_B5G6R5 depth/stencil support: D0S0 D0S1 D0S4 D0S8 D0S16 D16S0 D16S1 D16S4 D16S8 D16S16 D24S0 D24S1 D24S4 D24S8 D24S16 D32S0 D32S1 D32S4 D32S8 D32S16 Packed-D24S8 
03:20:11: FBO PF_A4R4G4B4 depth/stencil support: D0S0 D0S1 D0S4 D0S8 D0S16 D16S0 D16S1 D16S4 D16S8 D16S16 D24S0 D24S1 D24S4 D24S8 D24S16 D32S0 D32S1 D32S4 D32S8 D32S16 Packed-D24S8 
03:20:11: FBO PF_A1R5G5B5 depth/stencil support: D0S0 D0S1 D0S4 D0S8 D0S16 D16S0 D16S1 D16S4 D16S8 D16S16 D24S0 D24S1 D24S4 D24S8 D24S16 D32S0 D32S1 D32S4 D32S8 D32S16 Packed-D24S8 
03:20:11: FBO PF_R8G8B8 depth/stencil support: D0S0 D0S1 D0S4 D0S8 D0S16 D16S0 D16S1 D16S4 D16S8 D16S16 D24S0 D24S1 D24S4 D24S8 D24S16 D32S0 D32S1 D32S4 D32S8 D32S16 Packed-D24S8 
03:20:11: FBO PF_B8G8R8 depth/stencil support: D0S0 D0S1 D0S4 D0S8 D0S16 D16S0 D16S1 D16S4 D16S8 D16S16 D24S0 D24S1 D24S4 D24S8 D24S16 D32S0 D32S1 D32S4 D32S8 D32S16 Packed-D24S8 
03:20:11: FBO PF_A8R8G8B8 depth/stencil support: D0S0 D0S1 D0S4 D0S8 D0S16 D16S0 D16S1 D16S4 D16S8 D16S16 D24S0 D24S1 D24S4 D24S8 D24S16 D32S0 D32S1 D32S4 D32S8 D32S16 Packed-D24S8 
03:20:11: FBO PF_B8G8R8A8 depth/stencil support: D0S0 D0S1 D0S4 D0S8 D0S16 D16S0 D16S1 D16S4 D16S8 D16S16 D24S0 D24S1 D24S4 D24S8 D24S16 D32S0 D32S1 D32S4 D32S8 D32S16 Packed-D24S8 
03:20:11: FBO PF_A2R10G10B10 depth/stencil support: D0S0 D0S1 D0S4 D0S8 D0S16 D16S0 D16S1 D16S4 D16S8 D16S16 D24S0 D24S1 D24S4 D24S8 D24S16 D32S0 D32S1 D32S4 D32S8 D32S16 Packed-D24S8 
03:20:11: FBO PF_A2B10G10R10 depth/stencil support: D0S0 D0S1 D0S4 D0S8 D0S16 D16S0 D16S1 D16S4 D16S8 D16S16 D24S0 D24S1 D24S4 D24S8 D24S16 D32S0 D32S1 D32S4 D32S8 D32S16 Packed-D24S8 
03:20:11: FBO PF_FLOAT16_RGB depth/stencil support: D0S0 D0S1 D0S4 D0S8 D0S16 D16S0 D16S1 D16S4 D16S8 D16S16 D24S0 D24S1 D24S4 D24S8 D24S16 D32S0 D32S1 D32S4 D32S8 D32S16 Packed-D24S8 
03:20:11: FBO PF_FLOAT16_RGBA depth/stencil support: D0S0 D0S1 D0S4 D0S8 D0S16 D16S0 D16S1 D16S4 D16S8 D16S16 D24S0 D24S1 D24S4 D24S8 D24S16 D32S0 D32S1 D32S4 D32S8 D32S16 Packed-D24S8 
03:20:11: FBO PF_FLOAT32_RGB depth/stencil support: D0S0 D0S1 D0S4 D0S8 D0S16 D16S0 D16S1 D16S4 D16S8 D16S16 D24S0 D24S1 D24S4 D24S8 D24S16 D32S0 D32S1 D32S4 D32S8 D32S16 Packed-D24S8 
03:20:11: FBO PF_FLOAT32_RGBA depth/stencil support: D0S0 D0S1 D0S4 D0S8 D0S16 D16S0 D16S1 D16S4 D16S8 D16S16 D24S0 D24S1 D24S4 D24S8 D24S16 D32S0 D32S1 D32S4 D32S8 D32S16 Packed-D24S8 
03:20:11: FBO PF_X8R8G8B8 depth/stencil support: D0S0 D0S1 D0S4 D0S8 D0S16 D16S0 D16S1 D16S4 D16S8 D16S16 D24S0 D24S1 D24S4 D24S8 D24S16 D32S0 D32S1 D32S4 D32S8 D32S16 Packed-D24S8 
03:20:11: FBO PF_X8B8G8R8 depth/stencil support: D0S0 D0S1 D0S4 D0S8 D0S16 D16S0 D16S1 D16S4 D16S8 D16S16 D24S0 D24S1 D24S4 D24S8 D24S16 D32S0 D32S1 D32S4 D32S8 D32S16 Packed-D24S8 
03:20:11: FBO PF_SHORT_RGBA depth/stencil support: D0S0 D0S1 D0S4 D0S8 D0S16 D16S0 D16S1 D16S4 D16S8 D16S16 D24S0 D24S1 D24S4 D24S8 D24S16 D32S0 D32S1 D32S4 D32S8 D32S16 Packed-D24S8 
03:20:11: FBO PF_R3G3B2 depth/stencil support: D0S0 D0S1 D0S4 D0S8 D0S16 D16S0 D16S1 D16S4 D16S8 D16S16 D24S0 D24S1 D24S4 D24S8 D24S16 D32S0 D32S1 D32S4 D32S8 D32S16 Packed-D24S8 
03:20:11: FBO PF_SHORT_RGB depth/stencil support: D0S0 D0S1 D0S4 D0S8 D0S16 D16S0 D16S1 D16S4 D16S8 D16S16 D24S0 D24S1 D24S4 D24S8 D24S16 D32S0 D32S1 D32S4 D32S8 D32S16 Packed-D24S8 
03:20:11: [GL] : Valid FBO targets PF_UNKNOWN PF_A8 PF_R5G6B5 PF_B5G6R5 PF_A4R4G4B4 PF_A1R5G5B5 PF_R8G8B8 PF_B8G8R8 PF_A8R8G8B8 PF_B8G8R8A8 PF_A2R10G10B10 PF_A2B10G10R10 PF_FLOAT16_RGB PF_FLOAT16_RGBA PF_FLOAT32_RGB PF_FLOAT32_RGBA PF_X8R8G8B8 PF_X8B8G8R8 PF_SHORT_RGBA PF_R3G3B2 PF_SHORT_RGB 
03:20:11: RenderSystem capabilities
03:20:11: -------------------------
03:20:11: RenderSystem Name: OpenGL Rendering Subsystem
03:20:11: GPU Vendor: intel
03:20:11: Device Name: Intel(R) HD Graphics 530
03:20:11: Driver Version: 4.4.0.0
03:20:11:  * Fixed function pipeline: yes
03:20:11:  * Hardware generation of mipmaps: no
03:20:11:  * Texture blending: yes
03:20:11:  * Anisotropic texture filtering: yes
03:20:11:  * Dot product texture operation: yes
03:20:11:  * Cube mapping: yes
03:20:11:  * Hardware stencil buffer: yes
03:20:11:    - Stencil depth: 8
03:20:11:    - Two sided stencil support: yes
03:20:11:    - Wrap stencil values: yes
03:20:11:  * Hardware vertex / index buffers: yes
03:20:11:  * 32-bit index buffers: yes
03:20:11:  * Vertex programs: yes
03:20:11:  * Number of floating-point constants for vertex programs: 256
03:20:11:  * Number of integer constants for vertex programs: 0
03:20:11:  * Number of boolean constants for vertex programs: 0
03:20:11:  * Fragment programs: yes
03:20:11:  * Number of floating-point constants for fragment programs: 256
03:20:11:  * Number of integer constants for fragment programs: 0
03:20:11:  * Number of boolean constants for fragment programs: 0
03:20:11:  * Geometry programs: yes
03:20:11:  * Number of floating-point constants for geometry programs: 4096
03:20:11:  * Number of integer constants for geometry programs: 0
03:20:11:  * Number of boolean constants for geometry programs: 0
03:20:11:  * Tesselation Hull programs: no
03:20:11:  * Number of floating-point constants for tesselation hull programs: 15
03:20:11:  * Number of integer constants for tesselation hull programs: 0
03:20:11:  * Number of boolean constants for tesselation hull programs: 0
03:20:11:  * Tesselation Domain programs: no
03:20:11:  * Number of floating-point constants for tesselation domain programs: 0
03:20:11:  * Number of integer constants for tesselation domain programs: 12288
03:20:11:  * Number of boolean constants for tesselation domain programs: 8192
03:20:11:  * Compute programs: no
03:20:11:  * Number of floating-point constants for compute programs: 8312
03:20:11:  * Number of integer constants for compute programs: 14388
03:20:11:  * Number of boolean constants for compute programs: 48
03:20:11:  * Supported Shader Profiles: arbfp1 arbvp1 glsl glsl100 glsl110 glsl120 gp4gp gpu_gp nvgp4
03:20:11:  * Texture Compression: yes
03:20:11:    - DXT: yes
03:20:11:    - VTC: no
03:20:11:    - PVRTC: no
03:20:11:    - ATC: no
03:20:11:    - ETC1: no
03:20:11:    - ETC2: no
03:20:11:    - BC4/BC5: no
03:20:11:    - BC6H/BC7: no
03:20:11:  * Scissor Rectangle: yes
03:20:11:  * Hardware Occlusion Query: yes
03:20:11:  * User clip planes: yes
03:20:11:  * VET_UBYTE4 vertex element type: yes
03:20:11:  * Infinite far plane projection: yes
03:20:11:  * Hardware render-to-texture: yes
03:20:11:  * Floating point textures: yes
03:20:11:  * Non-power-of-two textures: yes
03:20:11:  * 1d textures: yes
03:20:11:  * Volume textures: yes
03:20:11:  * Multiple Render Targets: 8
03:20:11:    - With different bit depths: yes
03:20:11:  * Point Sprites: yes
03:20:11:  * Extended point parameters: yes
03:20:11:  * Max Point Size: 255
03:20:11:  * Vertex texture fetch: yes
03:20:11:  * Number of world matrices: 0
03:20:11:  * Number of texture units: 16
03:20:11:  * Stencil buffer depth: 8
03:20:11:  * Number of vertex blend matrices: 0
03:20:11:    - Max vertex textures: 32
03:20:11:    - Vertex textures shared: yes
03:20:11:  * Render to Vertex Buffer : no
03:20:11:  * Hardware Atomic Counters: no
03:20:11:  * GL 1.5 without VBO workaround: no
03:20:11:  * Frame Buffer objects: yes
03:20:11:  * Frame Buffer objects (ARB extension): no
03:20:11:  * Frame Buffer objects (ATI extension): no
03:20:11:  * PBuffer support: yes
03:20:11:  * GL 1.5 without HW-occlusion workaround: no
03:20:11:  * Vertex Array Objects: no
03:20:11:  * Separate shader objects: no
03:20:11: DefaultWorkQueue('Root') initialising on thread 24d4.
03:20:11: Particle Renderer Type 'billboard' registered
03:20:11: DefaultWorkQueue('Root')::WorkerFunc - thread 1720 starting.
03:20:11: DefaultWorkQueue('Root')::WorkerFunc - thread 2eb8 starting.
03:20:11: DefaultWorkQueue('Root')::WorkerFunc - thread 2c08 starting.
03:20:11: DefaultWorkQueue('Root')::WorkerFunc - thread 1ba8 starting.
03:20:11: SceneManagerFactory for type 'OctreeSceneManager' registered.
03:20:11: OverlayElementFactory for type Panel registered.
03:20:11: OverlayElementFactory for type BorderPanel registered.
03:20:11: OverlayElementFactory for type TextArea registered.
03:20:11: Registering ResourceManager for type Font
03:20:11: Added resource location 'resource2.zip' of type 'Zip' to resource group 'General'
03:20:11: Added resource location 'resource.zip' of type 'Zip' to resource group 'General'
03:20:11: Added resource location 'source.zip' of type 'Zip' to resource group 'General'
03:20:11: Added resource location 'ogre.zip' of type 'Zip' to resource group 'General'
03:20:11: Added resource location './' of type 'FileSystem' to resource group 'General'
03:20:11: Parsing scripts for resource group Autodetect
03:20:11: Finished parsing scripts for resource group Autodetect
03:20:11: Creating resources for group Autodetect
03:20:11: All done
03:20:11: Parsing scripts for resource group General
03:20:11: Parsing script axes.material
03:20:11: Parsing script Background.material
03:20:11: Parsing script ball.material
03:20:11: Parsing script box.material
03:20:11: Parsing script coin.material
03:20:11: Parsing script cone.material
03:20:11: Parsing script Dustin.material
03:20:11: Parsing script fence.MESH.material
03:20:11: Parsing script fish.material
03:20:11: Parsing script GouraudShading.material
03:20:11: Parsing script Information.material
03:20:11: Parsing script item.material
03:20:11: Parsing script KPU_LOGO.material
03:20:11: Parsing script Map.material
03:20:11: Parsing script ninja.material
03:20:11: Parsing script particle.material
03:20:11: Compiler error: unknown error in particle.material(108): token "cull_hareware" is not recognized
03:20:11: Parsing script PhongShading.material
03:20:11: Parsing script Sinbad.material
03:20:11: Parsing script Sky.material
03:20:11: Parsing script skybox.material
03:20:11: Parsing script wooden.material
03:20:11: Parsing script axes.material
03:20:12: Parsing script Dustin.material
03:20:12: Parsing script fish.material
03:20:12: Parsing script GameOver.material
03:20:12: Parsing script Information.material
03:20:12: Parsing script KPU_LOGO.material
03:20:12: Parsing script myTexture.material
03:20:12: Parsing script ninja.material
03:20:12: Parsing script Timer.material
03:20:12: Parsing script TriggerBox.material
03:20:12: Parsing script item.material
03:20:12: Parsing script item2.material
03:20:12: Parsing script room.material
03:20:12: Parsing script Sinbad.material
03:20:12: Parsing script lecture.fontdef
03:20:12: Parsing script lecture.fontdef
03:20:12: Parsing script Information.overlay
03:20:12: Texture: DebugBG.png: Loading 1 faces(PF_A8R8G8B8,256x128x1) with 8 generated mipmaps from Image. Internal format is PF_A8R8G8B8,256x128x1.
03:20:12: Parsing script Title.overlay
03:20:12: Texture: TITLE.png: Loading 1 faces(PF_R8G8B8,400x200x1) with 8 generated mipmaps from Image. Internal format is PF_X8R8G8B8,400x200x1.
03:20:12: Parsing script gameover.overlay
03:20:12: Texture: gameover.png: Loading 1 faces(PF_A8R8G8B8,1920x1080x1) with 10 generated mipmaps from Image. Internal format is PF_A8R8G8B8,1920x1080x1.
03:20:12: Parsing script Information.overlay
03:20:12: Skipping loading overlay include: 'Information.overlay as it is already loaded.
03:20:12: Finished parsing scripts for resource group General
03:20:12: Creating resources for group General
03:20:12: All done
03:20:12: Parsing scripts for resource group Internal
03:20:12: Finished parsing scripts for resource group Internal
03:20:12: Creating resources for group Internal
03:20:12: All done
03:20:13: Font Font/NanumBold18 using texture size 4096x4096
03:20:13: Info: Freetype returned null for character 160 in font Font/NanumBold18
03:20:13: Info: Freetype returned null for character 12644 in font Font/NanumBold18
03:20:13: Texture: Font/NanumBold18Texture: Loading 1 faces(PF_BYTE_LA,4096x4096x1) with 0 generated mipmaps from Image. Internal format is PF_BYTE_LA,4096x4096x1.
03:20:14: Mesh: Loading Sinbad.mesh.
03:20:14: Skeleton: Loading Sinbad.skeleton
03:20:14: WARNING: Sinbad.mesh is an older format ([MeshSerializer_v1.40]); you should upgrade it as soon as possible using the OgreMeshUpgrade tool.
03:20:14: Texture: sinbad_body.tga: Loading 1 faces(PF_R8G8B8,512x512x1) with 9 generated mipmaps from Image. Internal format is PF_X8R8G8B8,512x512x1.
03:20:14: Texture: sinbad_clothes.tga: Loading 1 faces(PF_R8G8B8,512x512x1) with 9 generated mipmaps from Image. Internal format is PF_X8R8G8B8,512x512x1.
03:20:14: Texture: sinbad_sword.tga: Loading 1 faces(PF_R8G8B8,256x256x1) with 8 generated mipmaps from Image. Internal format is PF_X8R8G8B8,256x256x1.
03:20:14: WARNING: the mesh 'Sinbad.mesh' includes vertices with more than 4 bone assignments. The lowest weighted assignments beyond this limit have been removed, so your animation may look slightly different. To eliminate this, reduce the number of bone assignments per vertex on your mesh to 4.
03:20:14: Texture: stevecube_fr.jpg: Loading 1 faces(PF_R8G8B8,500x500x1) with 8 generated mipmaps from Image. Internal format is PF_X8R8G8B8,500x500x1.
03:20:14: Texture: stevecube_bk.jpg: Loading 1 faces(PF_R8G8B8,500x500x1) with 8 generated mipmaps from Image. Internal format is PF_X8R8G8B8,500x500x1.
03:20:14: Texture: stevecube_lf.jpg: Loading 1 faces(PF_R8G8B8,500x500x1) with 8 generated mipmaps from Image. Internal format is PF_X8R8G8B8,500x500x1.
03:20:14: Texture: stevecube_rt.jpg: Loading 1 faces(PF_R8G8B8,500x500x1) with 8 generated mipmaps from Image. Internal format is PF_X8R8G8B8,500x500x1.
03:20:14: Texture: stevecube_up.jpg: Loading 1 faces(PF_R8G8B8,512x512x1) with 9 generated mipmaps from Image. Internal format is PF_X8R8G8B8,512x512x1.
03:20:14: Texture: stevecube_dn.jpg: Loading 1 faces(PF_R8G8B8,512x512x1) with 9 generated mipmaps from Image. Internal format is PF_X8R8G8B8,512x512x1.
03:20:14: Mesh: Loading room.mesh.
03:20:15: Texture: Room.jpg: Loading 1 faces(PF_R8G8B8,3100x2050x1) with 11 generated mipmaps from Image. Internal format is PF_X8R8G8B8,3100x2050x1.
03:20:16: Texture: LightingRing.jpg: Loading 1 faces(PF_R8G8B8,1024x1024x1) with 10 generated mipmaps from Image. Internal format is PF_X8R8G8B8,1024x1024x1.
03:20:16: Texture: one.jpg: Loading 1 faces(PF_L8,1300x1300x1) with 10 generated mipmaps from Image. Internal format is PF_L8,1300x1300x1.
03:20:16: Texture: two.jpg: Loading 1 faces(PF_R8G8B8,240x180x1) with 7 generated mipmaps from Image. Internal format is PF_X8R8G8B8,240x180x1.
03:20:16: Texture: three.jpg: Loading 1 faces(PF_R8G8B8,156x235x1) with 7 generated mipmaps from Image. Internal format is PF_X8R8G8B8,156x235x1.
03:20:16: Texture: four.jpg: Loading 1 faces(PF_R8G8B8,640x480x1) with 9 generated mipmaps from Image. Internal format is PF_X8R8G8B8,640x480x1.
03:20:16: Texture: brick.png: Loading 1 faces(PF_R8G8B8,502x477x1) with 8 generated mipmaps from Image. Internal format is PF_X8R8G8B8,502x477x1.
03:20:16: Mesh: Loading ninja.mesh.
03:20:16: Skeleton: Loading ninja.skeleton
03:20:16: WARNING: ninja.mesh is an older format ([MeshSerializer_v1.40]); you should upgrade it as soon as possible using the OgreMeshUpgrade tool.
03:20:16: Texture: nskingr.jpg: Loading 1 faces(PF_R8G8B8,512x512x1) with 9 generated mipmaps from Image. Internal format is PF_X8R8G8B8,512x512x1.
03:20:16: Mesh: Loading Timer.mesh.
03:20:16: Texture: gold.jpg: Loading 1 faces(PF_R8G8B8,3500x2800x1) with 11 generated mipmaps from Image. Internal format is PF_X8R8G8B8,3500x2800x1.
03:20:18: Texture: Apple Birch.jpg: Loading 1 faces(PF_R8G8B8,811x1000x1) with 9 generated mipmaps from Image. Internal format is PF_X8R8G8B8,811x1000x1.
03:20:18: Texture: glass.jpg: Loading 1 faces(PF_R8G8B8,4928x3264x1) with 12 generated mipmaps from Image. Internal format is PF_X8R8G8B8,4928x3264x1.
03:20:21: Mesh: Loading TriggerBox.mesh.
03:20:21: Texture: howtoplay.png: Loading 1 faces(PF_R8G8B8,500x500x1) with 8 generated mipmaps from Image. Internal format is PF_X8R8G8B8,500x500x1.
03:20:21: Texture: deathroomtexture.png: Loading 1 faces(PF_R8G8B8,500x500x1) with 8 generated mipmaps from Image. Internal format is PF_X8R8G8B8,500x500x1.
03:20:21: Texture: act.png: Loading 1 faces(PF_R8G8B8,500x500x1) with 8 generated mipmaps from Image. Internal format is PF_X8R8G8B8,500x500x1.
03:20:21: Texture: quiz1.png: Loading 1 faces(PF_R8G8B8,500x500x1) with 8 generated mipmaps from Image. Internal format is PF_X8R8G8B8,500x500x1.
03:20:21: Texture: quiz2.png: Loading 1 faces(PF_R8G8B8,500x500x1) with 8 generated mipmaps from Image. Internal format is PF_X8R8G8B8,500x500x1.
03:20:21: Texture: final.png: Loading 1 faces(PF_R8G8B8,500x500x1) with 8 generated mipmaps from Image. Internal format is PF_X8R8G8B8,500x500x1.
03:20:21: OGRE EXCEPTION(7:InternalErrorException): Cannot load GL vertex program Ogre/ShadowExtrudeDirLightFiniteDebug.  Line 297:
Error, line 12: unknown identifier 'R1'.
Error, line 12: invalid destination register.
Error, line 13: unknown identifier 'R1'.
Error, line 13: unknown identifier 'R1'.
Error, line 13: invalid destination register.
Error, line 13: invalid source register.
Error, line 14: unknown identifier 'R1'.
Error, line 14: invalid source register.
 in Ogre/ShadowExtrudeDirLightFiniteDebug at E:\Work\Source\OGRE\RenderSystems\GL\src\OgreGLGpuProgram.cpp (line 251)
03:20:21: Gpu program Ogre/ShadowExtrudeDirLightFiniteDebug encountered an error during loading and is thus not supported.
03:20:21: Texture: spot_shadow_fade.png: Loading 1 faces(PF_R8G8B8,128x128x1) with 7 generated mipmaps from Image. Internal format is PF_X8R8G8B8,128x128x1.
